<?xml version="1.0" encoding="UTF-8"?>
<testsuite xmlns:xsi="http://www.w3.org/2001/XMLSchema-instance" xsi:noNamespaceSchemaLocation="https://maven.apache.org/surefire/maven-surefire-plugin/xsd/surefire-test-report.xsd" version="3.0.2" name="se.fk.github.archunit.Slf4jUsageArchUnitTest" time="1.7" tests="2" errors="0" skipped="0" failures="0" flakes="0">
  <properties>
[...]
</properties>
  <testcase name="noDirectDependenceOnOtherLoggingFrameworks" classname="se.fk.github.archunit.Slf4jUsageArchUnitTest" time="1.185">
    <system-out><![CDATA[&amp#27;[38;5;251m2026-05-13 14:15:58,752&amp#27;[39m&amp#27;[38;5;251m &amp#27;[39m&amp#27;[38;5;192mINFO &amp#27;[39m&amp#27;[38;5;251m [&amp#27;[39m&amp#27;[38;5;153mcom.tng.arc.ArchConfiguration&amp#27;[39m&amp#27;[38;5;251m] (&amp#27;[39m&amp#27;[38;5;250mmain&amp#27;[39m&amp#27;[38;5;251m) [breadcrumbid=&amp#27;[39m&amp#27;[38;5;122m&amp#27;[39m&amp#27;[38;5;251m app=&amp#27;[39m&amp#27;[38;5;122m&amp#27;[39m&amp#27;[38;5;251m method=&amp#27;[39m&amp#27;[38;5;122m&amp#27;[39m&amp#27;[38;5;251m url=&amp#27;[39m&amp#27;[38;5;122m&amp#27;[39m&amp#27;[38;5;251m processId=&amp#27;[39m&amp#27;[38;5;122m&amp#27;[39m&amp#27;[38;5;251m] &amp#27;[39m&amp#27;[38;5;251mMerging properties: The following properties have been overwritten by system properties: {packageToScan=se.fk}&amp#27;[39m&amp#27;[38;5;203m&amp#27;[39m&amp#27;[38;5;229m
&amp#27;[39m&amp#27;[38;5;251m2026-05-13 14:15:58,925&amp#27;[39m&amp#27;[38;5;251m &amp#27;[39m&amp#27;[38;5;192mINFO &amp#27;[39m&amp#27;[38;5;251m [&amp#27;[39m&amp#27;[38;5;153mcom.tng.arc.cor.PluginLoader&amp#27;[39m&amp#27;[38;5;251m] (&amp#27;[39m&amp#27;[38;5;250mmain&amp#27;[39m&amp#27;[38;5;251m) [breadcrumbid=&amp#27;[39m&amp#27;[38;5;122m&amp#27;[39m&amp#27;[38;5;251m app=&amp#27;[39m&amp#27;[38;5;122m&amp#27;[39m&amp#27;[38;5;251m method=&amp#27;[39m&amp#27;[38;5;122m&amp#27;[39m&amp#27;[38;5;251m url=&amp#27;[39m&amp#27;[38;5;122m&amp#27;[39m&amp#27;[38;5;251m processId=&amp#27;[39m&amp#27;[38;5;122m&amp#27;[39m&amp#27;[38;5;251m] &amp#27;[39m&amp#27;[38;5;251mDetected Java version 21.0.10&amp#27;[39m&amp#27;[38;5;203m&amp#27;[39m&amp#27;[38;5;229m
&amp#27;[39m]]></system-out>
  </testcase>
  <testcase name="forbid_system_out_println" classname="se.fk.github.archunit.Slf4jUsageArchUnitTest" time="0.494"/>
</testsuite>